<?xml version="1.0" encoding="UTF-8"?>
<testsuite name="com.eazytest.eazytest.EazyTestApplicationTests" tests="1" skipped="0" failures="0" errors="0" timestamp="2023-09-16T07:54:50" hostname="IACADEMY-NOAH" time="1.169">
  <properties/>
  <testcase name="contextLoads()" classname="com.eazytest.eazytest.EazyTestApplicationTests" time="1.169"/>
  <system-out><![CDATA[08:54:42.543 [Test worker] INFO org.springframework.test.context.support.AnnotationConfigContextLoaderUtils -- Could not detect default configuration classes for test class [com.eazytest.eazytest.EazyTestApplicationTests]: EazyTestApplicationTests does not declare any static, non-private, non-final, nested classes annotated with @Configuration.
08:54:42.669 [Test worker] INFO org.springframework.boot.test.context.SpringBootTestContextBootstrapper -- Found @SpringBootConfiguration com.eazytest.eazytest.EazyTestApplication for test class com.eazytest.eazytest.EazyTestApplicationTests

  .   ____          _            __ _ _
 /\\ / ___'_ __ _ _(_)_ __  __ _ \ \ \ \
( ( )\___ | '_ | '_| | '_ \/ _` | \ \ \ \
 \\/  ___)| |_)| | | | | || (_| |  ) ) ) )
  '  |____| .__|_| |_|_| |_\__, | / / / /
 =========|_|==============|___/=/_/_/_/
 :: Spring Boot ::                (v3.1.3)

2023-09-16T08:54:43.236+01:00  INFO 11784 --- [    Test worker] c.e.eazytest.EazyTestApplicationTests    : Starting EazyTestApplicationTests using Java 20 with PID 11784 (started by Noah.Johnson in C:\Users\noah.johnson\IdeaProjects\EazyTestMonolith)
2023-09-16T08:54:43.238+01:00  INFO 11784 --- [    Test worker] c.e.eazytest.EazyTestApplicationTests    : No active profile set, falling back to 1 default profile: "default"
2023-09-16T08:54:44.670+01:00  INFO 11784 --- [    Test worker] .s.d.r.c.RepositoryConfigurationDelegate : Bootstrapping Spring Data JPA repositories in DEFAULT mode.
2023-09-16T08:54:44.771+01:00  INFO 11784 --- [    Test worker] .s.d.r.c.RepositoryConfigurationDelegate : Finished Spring Data repository scanning in 90 ms. Found 6 JPA repository interfaces.
2023-09-16T08:54:45.385+01:00  INFO 11784 --- [    Test worker] o.hibernate.jpa.internal.util.LogHelper  : HHH000204: Processing PersistenceUnitInfo [name: default]
2023-09-16T08:54:45.485+01:00  INFO 11784 --- [    Test worker] org.hibernate.Version                    : HHH000412: Hibernate ORM core version 6.2.7.Final
2023-09-16T08:54:45.488+01:00  INFO 11784 --- [    Test worker] org.hibernate.cfg.Environment            : HHH000406: Using bytecode reflection optimizer
2023-09-16T08:54:45.733+01:00  INFO 11784 --- [    Test worker] o.h.b.i.BytecodeProviderInitiator        : HHH000021: Bytecode provider name : bytebuddy
2023-09-16T08:54:45.930+01:00  INFO 11784 --- [    Test worker] o.s.o.j.p.SpringPersistenceUnitInfo      : No LoadTimeWeaver setup: ignoring JPA class transformer
2023-09-16T08:54:45.957+01:00  INFO 11784 --- [    Test worker] com.zaxxer.hikari.HikariDataSource       : HikariPool-1 - Starting...
2023-09-16T08:54:46.536+01:00  INFO 11784 --- [    Test worker] com.zaxxer.hikari.pool.HikariPool        : HikariPool-1 - Added connection com.mysql.cj.jdbc.ConnectionImpl@7434ee13
2023-09-16T08:54:46.539+01:00  INFO 11784 --- [    Test worker] com.zaxxer.hikari.HikariDataSource       : HikariPool-1 - Start completed.
2023-09-16T08:54:47.105+01:00  INFO 11784 --- [    Test worker] o.h.b.i.BytecodeProviderInitiator        : HHH000021: Bytecode provider name : bytebuddy
2023-09-16T08:54:48.051+01:00  INFO 11784 --- [    Test worker] o.h.e.t.j.p.i.JtaPlatformInitiator       : HHH000490: Using JtaPlatform implementation: [org.hibernate.engine.transaction.jta.platform.internal.NoJtaPlatform]
2023-09-16T08:54:48.412+01:00  INFO 11784 --- [    Test worker] j.LocalContainerEntityManagerFactoryBean : Initialized JPA EntityManagerFactory for persistence unit 'default'
2023-09-16T08:54:48.809+01:00  INFO 11784 --- [    Test worker] o.s.d.j.r.query.QueryEnhancerFactory     : Hibernate is in classpath; If applicable, HQL parser will be used.
2023-09-16T08:54:49.361+01:00  WARN 11784 --- [    Test worker] JpaBaseConfiguration$JpaWebConfiguration : spring.jpa.open-in-view is enabled by default. Therefore, database queries may be performed during view rendering. Explicitly configure spring.jpa.open-in-view to disable this warning
2023-09-16T08:54:49.884+01:00  INFO 11784 --- [    Test worker] o.s.b.a.e.web.EndpointLinksResolver      : Exposing 13 endpoint(s) beneath base path '/actuator'
2023-09-16T08:54:49.909+01:00  INFO 11784 --- [    Test worker] o.s.s.web.DefaultSecurityFilterChain     : Will secure any request with [org.springframework.security.web.session.DisableEncodeUrlFilter@26169be3, org.springframework.security.web.context.request.async.WebAsyncManagerIntegrationFilter@f573dcb, org.springframework.security.web.context.SecurityContextHolderFilter@341c8f67, org.springframework.security.web.header.HeaderWriterFilter@4f9871a2, org.springframework.web.filter.CorsFilter@6f636de3, org.springframework.security.web.authentication.logout.LogoutFilter@3c22a99a, com.eazytest.eazytest.config.JwtAuthenticationFilter@43ef1243, org.springframework.security.web.savedrequest.RequestCacheAwareFilter@25bc36, org.springframework.security.web.servletapi.SecurityContextHolderAwareRequestFilter@48186ba8, org.springframework.security.web.authentication.AnonymousAuthenticationFilter@40f49d72, org.springframework.security.web.session.SessionManagementFilter@373e3dac, org.springframework.security.web.access.ExceptionTranslationFilter@6d66a248, org.springframework.security.web.access.intercept.AuthorizationFilter@1026a011]
2023-09-16T08:54:50.336+01:00  INFO 11784 --- [    Test worker] c.e.eazytest.EazyTestApplicationTests    : Started EazyTestApplicationTests in 7.393 seconds (process running for 9.229)
]]></system-out>
  <system-err><![CDATA[]]></system-err>
</testsuite>
