<?xml version="1.0" encoding="UTF-8"?>
<testsuite name="com.eazytest.eazytest.EazyTestApplicationTests" tests="1" skipped="0" failures="0" errors="0" timestamp="2023-09-16T12:37:08" hostname="IACADEMY-NOAH" time="0.63">
  <properties/>
  <testcase name="contextLoads()" classname="com.eazytest.eazytest.EazyTestApplicationTests" time="0.63"/>
  <system-out><![CDATA[13:37:01.975 [Test worker] INFO org.springframework.test.context.support.AnnotationConfigContextLoaderUtils -- Could not detect default configuration classes for test class [com.eazytest.eazytest.EazyTestApplicationTests]: EazyTestApplicationTests does not declare any static, non-private, non-final, nested classes annotated with @Configuration.
13:37:02.088 [Test worker] INFO org.springframework.boot.test.context.SpringBootTestContextBootstrapper -- Found @SpringBootConfiguration com.eazytest.eazytest.EazyTestApplication for test class com.eazytest.eazytest.EazyTestApplicationTests

  .   ____          _            __ _ _
 /\\ / ___'_ __ _ _(_)_ __  __ _ \ \ \ \
( ( )\___ | '_ | '_| | '_ \/ _` | \ \ \ \
 \\/  ___)| |_)| | | | | || (_| |  ) ) ) )
  '  |____| .__|_| |_|_| |_\__, | / / / /
 =========|_|==============|___/=/_/_/_/
 :: Spring Boot ::                (v3.1.3)

2023-09-16T13:37:02.530+01:00  INFO 28496 --- [    Test worker] c.e.eazytest.EazyTestApplicationTests    : Starting EazyTestApplicationTests using Java 20 with PID 28496 (started by Noah.Johnson in C:\Users\noah.johnson\IdeaProjects\EazyTestMonolith)
2023-09-16T13:37:02.532+01:00  INFO 28496 --- [    Test worker] c.e.eazytest.EazyTestApplicationTests    : No active profile set, falling back to 1 default profile: "default"
2023-09-16T13:37:03.777+01:00  INFO 28496 --- [    Test worker] .s.d.r.c.RepositoryConfigurationDelegate : Bootstrapping Spring Data JPA repositories in DEFAULT mode.
2023-09-16T13:37:03.856+01:00  INFO 28496 --- [    Test worker] .s.d.r.c.RepositoryConfigurationDelegate : Finished Spring Data repository scanning in 71 ms. Found 6 JPA repository interfaces.
2023-09-16T13:37:04.449+01:00  INFO 28496 --- [    Test worker] o.hibernate.jpa.internal.util.LogHelper  : HHH000204: Processing PersistenceUnitInfo [name: default]
2023-09-16T13:37:04.531+01:00  INFO 28496 --- [    Test worker] org.hibernate.Version                    : HHH000412: Hibernate ORM core version 6.2.7.Final
2023-09-16T13:37:04.534+01:00  INFO 28496 --- [    Test worker] org.hibernate.cfg.Environment            : HHH000406: Using bytecode reflection optimizer
2023-09-16T13:37:04.707+01:00  INFO 28496 --- [    Test worker] o.h.b.i.BytecodeProviderInitiator        : HHH000021: Bytecode provider name : bytebuddy
2023-09-16T13:37:04.972+01:00  INFO 28496 --- [    Test worker] o.s.o.j.p.SpringPersistenceUnitInfo      : No LoadTimeWeaver setup: ignoring JPA class transformer
2023-09-16T13:37:04.995+01:00  INFO 28496 --- [    Test worker] com.zaxxer.hikari.HikariDataSource       : HikariPool-1 - Starting...
2023-09-16T13:37:05.362+01:00  INFO 28496 --- [    Test worker] com.zaxxer.hikari.pool.HikariPool        : HikariPool-1 - Added connection com.mysql.cj.jdbc.ConnectionImpl@53fbb2b4
2023-09-16T13:37:05.365+01:00  INFO 28496 --- [    Test worker] com.zaxxer.hikari.HikariDataSource       : HikariPool-1 - Start completed.
2023-09-16T13:37:05.813+01:00  INFO 28496 --- [    Test worker] o.h.b.i.BytecodeProviderInitiator        : HHH000021: Bytecode provider name : bytebuddy
2023-09-16T13:37:06.693+01:00  INFO 28496 --- [    Test worker] o.h.e.t.j.p.i.JtaPlatformInitiator       : HHH000490: Using JtaPlatform implementation: [org.hibernate.engine.transaction.jta.platform.internal.NoJtaPlatform]
2023-09-16T13:37:06.903+01:00  INFO 28496 --- [    Test worker] j.LocalContainerEntityManagerFactoryBean : Initialized JPA EntityManagerFactory for persistence unit 'default'
2023-09-16T13:37:07.313+01:00  INFO 28496 --- [    Test worker] o.s.d.j.r.query.QueryEnhancerFactory     : Hibernate is in classpath; If applicable, HQL parser will be used.
2023-09-16T13:37:07.839+01:00  WARN 28496 --- [    Test worker] JpaBaseConfiguration$JpaWebConfiguration : spring.jpa.open-in-view is enabled by default. Therefore, database queries may be performed during view rendering. Explicitly configure spring.jpa.open-in-view to disable this warning
2023-09-16T13:37:08.393+01:00  INFO 28496 --- [    Test worker] o.s.b.a.e.web.EndpointLinksResolver      : Exposing 13 endpoint(s) beneath base path '/actuator'
2023-09-16T13:37:08.415+01:00  INFO 28496 --- [    Test worker] o.s.s.web.DefaultSecurityFilterChain     : Will secure any request with [org.springframework.security.web.session.DisableEncodeUrlFilter@11736ebc, org.springframework.security.web.context.request.async.WebAsyncManagerIntegrationFilter@4a03c4bc, org.springframework.security.web.context.SecurityContextHolderFilter@491afa9b, org.springframework.security.web.header.HeaderWriterFilter@358f85b1, org.springframework.web.filter.CorsFilter@3d0c88f4, org.springframework.security.web.authentication.logout.LogoutFilter@7f5a5ef3, com.eazytest.eazytest.config.JwtAuthenticationFilter@3c380db5, org.springframework.security.web.savedrequest.RequestCacheAwareFilter@60bd11f7, org.springframework.security.web.servletapi.SecurityContextHolderAwareRequestFilter@3f04847e, org.springframework.security.web.authentication.AnonymousAuthenticationFilter@5aad4194, org.springframework.security.web.session.SessionManagementFilter@76e56b17, org.springframework.security.web.access.ExceptionTranslationFilter@52bef30b, org.springframework.security.web.access.intercept.AuthorizationFilter@256a25a8]
2023-09-16T13:37:08.848+01:00  INFO 28496 --- [    Test worker] c.e.eazytest.EazyTestApplicationTests    : Started EazyTestApplicationTests in 6.59 seconds (process running for 8.048)
]]></system-out>
  <system-err><![CDATA[]]></system-err>
</testsuite>
