<?xml version="1.0" encoding="UTF-8"?>
<testsuite name="com.eazytest.eazytest.EazyTestApplicationTests" tests="1" skipped="0" failures="0" errors="0" timestamp="2023-09-16T09:26:47" hostname="IACADEMY-NOAH" time="0.762">
  <properties/>
  <testcase name="contextLoads()" classname="com.eazytest.eazytest.EazyTestApplicationTests" time="0.762"/>
  <system-out><![CDATA[10:26:40.467 [Test worker] INFO org.springframework.test.context.support.AnnotationConfigContextLoaderUtils -- Could not detect default configuration classes for test class [com.eazytest.eazytest.EazyTestApplicationTests]: EazyTestApplicationTests does not declare any static, non-private, non-final, nested classes annotated with @Configuration.
10:26:40.587 [Test worker] INFO org.springframework.boot.test.context.SpringBootTestContextBootstrapper -- Found @SpringBootConfiguration com.eazytest.eazytest.EazyTestApplication for test class com.eazytest.eazytest.EazyTestApplicationTests

  .   ____          _            __ _ _
 /\\ / ___'_ __ _ _(_)_ __  __ _ \ \ \ \
( ( )\___ | '_ | '_| | '_ \/ _` | \ \ \ \
 \\/  ___)| |_)| | | | | || (_| |  ) ) ) )
  '  |____| .__|_| |_|_| |_\__, | / / / /
 =========|_|==============|___/=/_/_/_/
 :: Spring Boot ::                (v3.1.3)

2023-09-16T10:26:41.051+01:00  INFO 21300 --- [    Test worker] c.e.eazytest.EazyTestApplicationTests    : Starting EazyTestApplicationTests using Java 20 with PID 21300 (started by Noah.Johnson in C:\Users\noah.johnson\IdeaProjects\EazyTestMonolith)
2023-09-16T10:26:41.054+01:00  INFO 21300 --- [    Test worker] c.e.eazytest.EazyTestApplicationTests    : No active profile set, falling back to 1 default profile: "default"
2023-09-16T10:26:42.252+01:00  INFO 21300 --- [    Test worker] .s.d.r.c.RepositoryConfigurationDelegate : Bootstrapping Spring Data JPA repositories in DEFAULT mode.
2023-09-16T10:26:42.333+01:00  INFO 21300 --- [    Test worker] .s.d.r.c.RepositoryConfigurationDelegate : Finished Spring Data repository scanning in 74 ms. Found 6 JPA repository interfaces.
2023-09-16T10:26:42.841+01:00  INFO 21300 --- [    Test worker] o.hibernate.jpa.internal.util.LogHelper  : HHH000204: Processing PersistenceUnitInfo [name: default]
2023-09-16T10:26:42.905+01:00  INFO 21300 --- [    Test worker] org.hibernate.Version                    : HHH000412: Hibernate ORM core version 6.2.7.Final
2023-09-16T10:26:42.909+01:00  INFO 21300 --- [    Test worker] org.hibernate.cfg.Environment            : HHH000406: Using bytecode reflection optimizer
2023-09-16T10:26:43.070+01:00  INFO 21300 --- [    Test worker] o.h.b.i.BytecodeProviderInitiator        : HHH000021: Bytecode provider name : bytebuddy
2023-09-16T10:26:43.236+01:00  INFO 21300 --- [    Test worker] o.s.o.j.p.SpringPersistenceUnitInfo      : No LoadTimeWeaver setup: ignoring JPA class transformer
2023-09-16T10:26:43.256+01:00  INFO 21300 --- [    Test worker] com.zaxxer.hikari.HikariDataSource       : HikariPool-1 - Starting...
2023-09-16T10:26:43.778+01:00  INFO 21300 --- [    Test worker] com.zaxxer.hikari.pool.HikariPool        : HikariPool-1 - Added connection com.mysql.cj.jdbc.ConnectionImpl@44a14de0
2023-09-16T10:26:43.785+01:00  INFO 21300 --- [    Test worker] com.zaxxer.hikari.HikariDataSource       : HikariPool-1 - Start completed.
2023-09-16T10:26:44.303+01:00  INFO 21300 --- [    Test worker] o.h.b.i.BytecodeProviderInitiator        : HHH000021: Bytecode provider name : bytebuddy
2023-09-16T10:26:45.221+01:00  INFO 21300 --- [    Test worker] o.h.e.t.j.p.i.JtaPlatformInitiator       : HHH000490: Using JtaPlatform implementation: [org.hibernate.engine.transaction.jta.platform.internal.NoJtaPlatform]
2023-09-16T10:26:45.651+01:00  INFO 21300 --- [    Test worker] j.LocalContainerEntityManagerFactoryBean : Initialized JPA EntityManagerFactory for persistence unit 'default'
2023-09-16T10:26:46.136+01:00  INFO 21300 --- [    Test worker] o.s.d.j.r.query.QueryEnhancerFactory     : Hibernate is in classpath; If applicable, HQL parser will be used.
2023-09-16T10:26:46.677+01:00  WARN 21300 --- [    Test worker] JpaBaseConfiguration$JpaWebConfiguration : spring.jpa.open-in-view is enabled by default. Therefore, database queries may be performed during view rendering. Explicitly configure spring.jpa.open-in-view to disable this warning
2023-09-16T10:26:47.277+01:00  INFO 21300 --- [    Test worker] o.s.b.a.e.web.EndpointLinksResolver      : Exposing 13 endpoint(s) beneath base path '/actuator'
2023-09-16T10:26:47.299+01:00  INFO 21300 --- [    Test worker] o.s.s.web.DefaultSecurityFilterChain     : Will secure any request with [org.springframework.security.web.session.DisableEncodeUrlFilter@179dc2, org.springframework.security.web.context.request.async.WebAsyncManagerIntegrationFilter@1802badc, org.springframework.security.web.context.SecurityContextHolderFilter@25bc36, org.springframework.security.web.header.HeaderWriterFilter@6d17cd8b, org.springframework.web.filter.CorsFilter@3a089620, org.springframework.security.web.authentication.logout.LogoutFilter@412b90cc, com.eazytest.eazytest.config.JwtAuthenticationFilter@cb29b75, org.springframework.security.web.savedrequest.RequestCacheAwareFilter@5f7a2a79, org.springframework.security.web.servletapi.SecurityContextHolderAwareRequestFilter@26c84006, org.springframework.security.web.authentication.AnonymousAuthenticationFilter@2cbb9702, org.springframework.security.web.session.SessionManagementFilter@2265a052, org.springframework.security.web.access.ExceptionTranslationFilter@4f9871a2, org.springframework.security.web.access.intercept.AuthorizationFilter@74a37c91]
2023-09-16T10:26:47.734+01:00  INFO 21300 --- [    Test worker] c.e.eazytest.EazyTestApplicationTests    : Started EazyTestApplicationTests in 6.951 seconds (process running for 8.475)
]]></system-out>
  <system-err><![CDATA[]]></system-err>
</testsuite>
