<?xml version="1.0" encoding="UTF-8"?>
<testsuite name="com.eazytest.eazytest.EazyTestApplicationTests" tests="1" skipped="0" failures="0" errors="0" timestamp="2023-09-15T13:32:37" hostname="IACADEMY-NOAH" time="1.056">
  <properties/>
  <testcase name="contextLoads()" classname="com.eazytest.eazytest.EazyTestApplicationTests" time="1.056"/>
  <system-out><![CDATA[14:32:15.269 [Test worker] INFO org.springframework.test.context.support.AnnotationConfigContextLoaderUtils -- Could not detect default configuration classes for test class [com.eazytest.eazytest.EazyTestApplicationTests]: EazyTestApplicationTests does not declare any static, non-private, non-final, nested classes annotated with @Configuration.
14:32:15.387 [Test worker] INFO org.springframework.boot.test.context.SpringBootTestContextBootstrapper -- Found @SpringBootConfiguration com.eazytest.eazytest.EazyTestApplication for test class com.eazytest.eazytest.EazyTestApplicationTests

  .   ____          _            __ _ _
 /\\ / ___'_ __ _ _(_)_ __  __ _ \ \ \ \
( ( )\___ | '_ | '_| | '_ \/ _` | \ \ \ \
 \\/  ___)| |_)| | | | | || (_| |  ) ) ) )
  '  |____| .__|_| |_|_| |_\__, | / / / /
 =========|_|==============|___/=/_/_/_/
 :: Spring Boot ::                (v3.1.3)

2023-09-15T14:32:15.820+01:00  INFO 25580 --- [    Test worker] c.e.eazytest.EazyTestApplicationTests    : Starting EazyTestApplicationTests using Java 20 with PID 25580 (started by Noah.Johnson in C:\Users\noah.johnson\IdeaProjects\EazyTestMonolith)
2023-09-15T14:32:15.823+01:00  INFO 25580 --- [    Test worker] c.e.eazytest.EazyTestApplicationTests    : No active profile set, falling back to 1 default profile: "default"
2023-09-15T14:32:16.948+01:00  INFO 25580 --- [    Test worker] .s.d.r.c.RepositoryConfigurationDelegate : Bootstrapping Spring Data JPA repositories in DEFAULT mode.
2023-09-15T14:32:17.032+01:00  INFO 25580 --- [    Test worker] .s.d.r.c.RepositoryConfigurationDelegate : Finished Spring Data repository scanning in 75 ms. Found 6 JPA repository interfaces.
2023-09-15T14:32:17.759+01:00  INFO 25580 --- [    Test worker] o.hibernate.jpa.internal.util.LogHelper  : HHH000204: Processing PersistenceUnitInfo [name: default]
2023-09-15T14:32:17.851+01:00  INFO 25580 --- [    Test worker] org.hibernate.Version                    : HHH000412: Hibernate ORM core version 6.2.7.Final
2023-09-15T14:32:17.855+01:00  INFO 25580 --- [    Test worker] org.hibernate.cfg.Environment            : HHH000406: Using bytecode reflection optimizer
2023-09-15T14:32:18.091+01:00  INFO 25580 --- [    Test worker] o.h.b.i.BytecodeProviderInitiator        : HHH000021: Bytecode provider name : bytebuddy
2023-09-15T14:32:18.242+01:00  INFO 25580 --- [    Test worker] o.s.o.j.p.SpringPersistenceUnitInfo      : No LoadTimeWeaver setup: ignoring JPA class transformer
2023-09-15T14:32:18.263+01:00  INFO 25580 --- [    Test worker] com.zaxxer.hikari.HikariDataSource       : HikariPool-1 - Starting...
2023-09-15T14:32:21.626+01:00  INFO 25580 --- [    Test worker] com.zaxxer.hikari.pool.HikariPool        : HikariPool-1 - Added connection org.postgresql.jdbc.PgConnection@713e7d9a
2023-09-15T14:32:21.629+01:00  INFO 25580 --- [    Test worker] com.zaxxer.hikari.HikariDataSource       : HikariPool-1 - Start completed.
2023-09-15T14:32:23.209+01:00  INFO 25580 --- [    Test worker] o.h.b.i.BytecodeProviderInitiator        : HHH000021: Bytecode provider name : bytebuddy
2023-09-15T14:32:24.047+01:00  INFO 25580 --- [    Test worker] o.h.e.t.j.p.i.JtaPlatformInitiator       : HHH000490: Using JtaPlatform implementation: [org.hibernate.engine.transaction.jta.platform.internal.NoJtaPlatform]
2023-09-15T14:32:35.502+01:00  INFO 25580 --- [    Test worker] j.LocalContainerEntityManagerFactoryBean : Initialized JPA EntityManagerFactory for persistence unit 'default'
2023-09-15T14:32:35.940+01:00  INFO 25580 --- [    Test worker] o.s.d.j.r.query.QueryEnhancerFactory     : Hibernate is in classpath; If applicable, HQL parser will be used.
2023-09-15T14:32:36.450+01:00  WARN 25580 --- [    Test worker] JpaBaseConfiguration$JpaWebConfiguration : spring.jpa.open-in-view is enabled by default. Therefore, database queries may be performed during view rendering. Explicitly configure spring.jpa.open-in-view to disable this warning
2023-09-15T14:32:36.984+01:00  INFO 25580 --- [    Test worker] o.s.b.a.e.web.EndpointLinksResolver      : Exposing 13 endpoint(s) beneath base path '/actuator'
2023-09-15T14:32:37.003+01:00  INFO 25580 --- [    Test worker] o.s.s.web.DefaultSecurityFilterChain     : Will secure any request with [org.springframework.security.web.session.DisableEncodeUrlFilter@32e9c8, org.springframework.security.web.context.request.async.WebAsyncManagerIntegrationFilter@47d8c666, org.springframework.security.web.context.SecurityContextHolderFilter@190677c6, org.springframework.security.web.header.HeaderWriterFilter@5f0c04d2, org.springframework.web.filter.CorsFilter@4dba2d07, org.springframework.security.web.authentication.logout.LogoutFilter@6cd0f9a4, com.eazytest.eazytest.config.JwtAuthenticationFilter@7c27ed2f, org.springframework.security.web.savedrequest.RequestCacheAwareFilter@7334dcbe, org.springframework.security.web.servletapi.SecurityContextHolderAwareRequestFilter@1d1a706, org.springframework.security.web.authentication.AnonymousAuthenticationFilter@685dceb8, org.springframework.security.web.session.SessionManagementFilter@167da81d, org.springframework.security.web.access.ExceptionTranslationFilter@6e6bb211, org.springframework.security.web.access.intercept.AuthorizationFilter@3e9053b3]
2023-09-15T14:32:37.414+01:00  INFO 25580 --- [    Test worker] c.e.eazytest.EazyTestApplicationTests    : Started EazyTestApplicationTests in 21.863 seconds (process running for 23.302)
]]></system-out>
  <system-err><![CDATA[]]></system-err>
</testsuite>
